<?xml version="1.0" encoding="UTF-8"?>
<!-- Generated by org.testng.reporters.JUnitReportReporter -->
<testsuite skipped="0" hostname="DESKTOP-9KRECTM" name="qucikclickacademy.Mavenjava.SeleniumTest" tests="1" failures="0" timestamp="2020-06-04T21:30:07 ADT" time="0.020" errors="0">
  <testcase name="browserAutomation" time="0.020" classname="qucikclickacademy.Mavenjava.SeleniumTest"/>
  <system-out/>
</testsuite> <!-- qucikclickacademy.Mavenjava.SeleniumTest -->
