<?xml version="1.0" encoding="UTF-8"?>
<!-- Generated by org.testng.reporters.JUnitReportReporter -->
<testsuite skipped="0" hostname="DESKTOP-9KRECTM" name="qucikclickacademy.Mavenjava.AppTest" tests="1" failures="0" timestamp="2020-05-16T14:37:01 ADT" time="0.005" errors="0">
  <testcase name="shouldAnswerWithTrue" time="0.005" classname="qucikclickacademy.Mavenjava.AppTest"/>
  <system-out/>
</testsuite> <!-- qucikclickacademy.Mavenjava.AppTest -->
